<?xml version="1.0" encoding="UTF-8"?>
<testsuites>
  <testsuite name="/root/coding-sdk-php/tests/Acceptance" tests="5" assertions="16" errors="0" warnings="0" failures="0" skipped="0" time="4.196123">
    <testsuite name="Tests\Acceptance\ArtifactTest" file="/root/coding-sdk-php/tests/Acceptance/ArtifactTest.php" tests="1" assertions="4" errors="0" warnings="0" failures="0" skipped="0" time="0.657968">
      <testcase name="testUploadAndDownload" class="Tests\Acceptance\ArtifactTest" classname="Tests.Acceptance.ArtifactTest" file="/root/coding-sdk-php/tests/Acceptance/ArtifactTest.php" line="12" assertions="4" time="0.657968"/>
    </testsuite>
    <testsuite name="Tests\Acceptance\GitBranchTest" file="/root/coding-sdk-php/tests/Acceptance/GitBranchTest.php" tests="1" assertions="1" errors="0" warnings="0" failures="0" skipped="0" time="0.178668">
      <testcase name="testIndex" class="Tests\Acceptance\GitBranchTest" classname="Tests.Acceptance.GitBranchTest" file="/root/coding-sdk-php/tests/Acceptance/GitBranchTest.php" line="12" assertions="1" time="0.178668"/>
    </testsuite>
    <testsuite name="Tests\Acceptance\IssueTest" file="/root/coding-sdk-php/tests/Acceptance/IssueTest.php" tests="1" assertions="6" errors="0" warnings="0" failures="0" skipped="0" time="2.039789">
      <testcase name="testCrud" class="Tests\Acceptance\IssueTest" classname="Tests.Acceptance.IssueTest" file="/root/coding-sdk-php/tests/Acceptance/IssueTest.php" line="13" assertions="6" time="2.039789"/>
    </testsuite>
    <testsuite name="Tests\Acceptance\IterationTest" file="/root/coding-sdk-php/tests/Acceptance/IterationTest.php" tests="1" assertions="4" errors="0" warnings="0" failures="0" skipped="0" time="1.094616">
      <testcase name="testCrud" class="Tests\Acceptance\IterationTest" classname="Tests.Acceptance.IterationTest" file="/root/coding-sdk-php/tests/Acceptance/IterationTest.php" line="11" assertions="4" time="1.094616"/>
    </testsuite>
    <testsuite name="Tests\Acceptance\ProjectSettingTest" file="/root/coding-sdk-php/tests/Acceptance/ProjectSettingTest.php" tests="1" assertions="1" errors="0" warnings="0" failures="0" skipped="0" time="0.225081">
      <testcase name="testGetIssueStatuses" class="Tests\Acceptance\ProjectSettingTest" classname="Tests.Acceptance.ProjectSettingTest" file="/root/coding-sdk-php/tests/Acceptance/ProjectSettingTest.php" line="12" assertions="1" time="0.225081"/>
    </testsuite>
  </testsuite>
</testsuites>
