<?xml version="1.0" encoding="UTF-8"?>
<testsuites>
  <testsuite name="/root/coding-sdk-php/tests/Acceptance" tests="5" assertions="13" errors="1" warnings="0" failures="0" skipped="0" time="104.986441">
    <testsuite name="Tests\Acceptance\ArtifactTest" file="/root/coding-sdk-php/tests/Acceptance/ArtifactTest.php" tests="1" assertions="1" errors="1" warnings="0" failures="0" skipped="0" time="0.209430">
      <testcase name="testUploadAndDownload" class="Tests\Acceptance\ArtifactTest" classname="Tests.Acceptance.ArtifactTest" file="/root/coding-sdk-php/tests/Acceptance/ArtifactTest.php" line="12" assertions="1" time="0.209430">
        <error type="GuzzleHttp\Exception\ClientException">Tests\Acceptance\ArtifactTest::testUploadAndDownload
GuzzleHttp\Exception\ClientException: Client error: `GET https://coding-public-generic.pkg.coding.net/public/generic/status.txt?version=20220304.0901.39` resulted in a `403 Forbidden` response:

daily download size exceeds limit. 每日下载量超出限制。(50 GB)



/root/coding-sdk-php/vendor/guzzlehttp/guzzle/src/Exception/RequestException.php:113
/root/coding-sdk-php/vendor/guzzlehttp/guzzle/src/Middleware.php:69
/root/coding-sdk-php/vendor/guzzlehttp/promises/src/Promise.php:204
/root/coding-sdk-php/vendor/guzzlehttp/promises/src/Promise.php:153
/root/coding-sdk-php/vendor/guzzlehttp/promises/src/TaskQueue.php:48
/root/coding-sdk-php/vendor/guzzlehttp/promises/src/Promise.php:248
/root/coding-sdk-php/vendor/guzzlehttp/promises/src/Promise.php:224
/root/coding-sdk-php/vendor/guzzlehttp/promises/src/Promise.php:269
/root/coding-sdk-php/vendor/guzzlehttp/promises/src/Promise.php:226
/root/coding-sdk-php/vendor/guzzlehttp/promises/src/Promise.php:62
/root/coding-sdk-php/vendor/guzzlehttp/guzzle/src/Client.php:187
/root/coding-sdk-php/tests/Acceptance/ArtifactTest.php:36
/root/coding-sdk-php/vendor/phpunit/phpunit/phpunit:92</error>
      </testcase>
    </testsuite>
    <testsuite name="Tests\Acceptance\GitBranchTest" file="/root/coding-sdk-php/tests/Acceptance/GitBranchTest.php" tests="1" assertions="1" errors="0" warnings="0" failures="0" skipped="0" time="10.552261">
      <testcase name="testIndex" class="Tests\Acceptance\GitBranchTest" classname="Tests.Acceptance.GitBranchTest" file="/root/coding-sdk-php/tests/Acceptance/GitBranchTest.php" line="12" assertions="1" time="10.552261"/>
    </testsuite>
    <testsuite name="Tests\Acceptance\IssueTest" file="/root/coding-sdk-php/tests/Acceptance/IssueTest.php" tests="1" assertions="6" errors="0" warnings="0" failures="0" skipped="0" time="55.020659">
      <testcase name="testCrud" class="Tests\Acceptance\IssueTest" classname="Tests.Acceptance.IssueTest" file="/root/coding-sdk-php/tests/Acceptance/IssueTest.php" line="13" assertions="6" time="55.020659"/>
    </testsuite>
    <testsuite name="Tests\Acceptance\IterationTest" file="/root/coding-sdk-php/tests/Acceptance/IterationTest.php" tests="1" assertions="4" errors="0" warnings="0" failures="0" skipped="0" time="32.224885">
      <testcase name="testCrud" class="Tests\Acceptance\IterationTest" classname="Tests.Acceptance.IterationTest" file="/root/coding-sdk-php/tests/Acceptance/IterationTest.php" line="11" assertions="4" time="32.224885"/>
    </testsuite>
    <testsuite name="Tests\Acceptance\ProjectSettingTest" file="/root/coding-sdk-php/tests/Acceptance/ProjectSettingTest.php" tests="1" assertions="1" errors="0" warnings="0" failures="0" skipped="0" time="6.979206">
      <testcase name="testGetIssueStatuses" class="Tests\Acceptance\ProjectSettingTest" classname="Tests.Acceptance.ProjectSettingTest" file="/root/coding-sdk-php/tests/Acceptance/ProjectSettingTest.php" line="12" assertions="1" time="6.979206"/>
    </testsuite>
  </testsuite>
</testsuites>
