<?xml version="1.0" encoding="UTF-8"?>
<testsuites>
  <testsuite name="/root/coding-sdk-php/tests/Acceptance" tests="5" assertions="1" errors="5" warnings="0" failures="0" skipped="0" time="6.312297">
    <testsuite name="Tests\Acceptance\ArtifactTest" file="/root/coding-sdk-php/tests/Acceptance/ArtifactTest.php" tests="1" assertions="1" errors="1" warnings="0" failures="0" skipped="0" time="6.095473">
      <testcase name="testUploadAndDownload" class="Tests\Acceptance\ArtifactTest" classname="Tests.Acceptance.ArtifactTest" file="/root/coding-sdk-php/tests/Acceptance/ArtifactTest.php" line="12" assertions="1" time="6.095473">
        <error type="GuzzleHttp\Exception\ClientException">Tests\Acceptance\ArtifactTest::testUploadAndDownload
GuzzleHttp\Exception\ClientException: Client error: `GET https://coding-public-generic.pkg.coding.net/public/generic/status.txt?version=20220817.1425.41` resulted in a `403 Forbidden` response:
&lt;?xml version='1.0' encoding='utf-8' ?&gt;
&lt;Error&gt;
	&lt;Code&gt;AccessDenied&lt;/Code&gt;
	&lt;Message&gt;Request has expired&lt;/Message&gt;
	&lt;Ser (truncated...)


/root/coding-sdk-php/vendor/guzzlehttp/guzzle/src/Exception/RequestException.php:113
/root/coding-sdk-php/vendor/guzzlehttp/guzzle/src/Middleware.php:69
/root/coding-sdk-php/vendor/guzzlehttp/promises/src/Promise.php:204
/root/coding-sdk-php/vendor/guzzlehttp/promises/src/Promise.php:153
/root/coding-sdk-php/vendor/guzzlehttp/promises/src/TaskQueue.php:48
/root/coding-sdk-php/vendor/guzzlehttp/promises/src/Promise.php:248
/root/coding-sdk-php/vendor/guzzlehttp/promises/src/Promise.php:224
/root/coding-sdk-php/vendor/guzzlehttp/promises/src/Promise.php:269
/root/coding-sdk-php/vendor/guzzlehttp/promises/src/Promise.php:226
/root/coding-sdk-php/vendor/guzzlehttp/promises/src/Promise.php:62
/root/coding-sdk-php/vendor/guzzlehttp/guzzle/src/Client.php:187
/root/coding-sdk-php/tests/Acceptance/ArtifactTest.php:36
/root/coding-sdk-php/vendor/phpunit/phpunit/phpunit:92</error>
      </testcase>
    </testsuite>
    <testsuite name="Tests\Acceptance\GitBranchTest" file="/root/coding-sdk-php/tests/Acceptance/GitBranchTest.php" tests="1" assertions="0" errors="1" warnings="0" failures="0" skipped="0" time="0.058112">
      <testcase name="testIndex" class="Tests\Acceptance\GitBranchTest" classname="Tests.Acceptance.GitBranchTest" file="/root/coding-sdk-php/tests/Acceptance/GitBranchTest.php" line="12" assertions="0" time="0.058112">
        <error type="Coding\Exceptions\ApiError">Tests\Acceptance\GitBranchTest::testIndex
Coding\Exceptions\ApiError: failed to get branches

/root/coding-sdk-php/src/Client.php:59
/root/coding-sdk-php/src/Client.php:70
/root/coding-sdk-php/src/GitBranch.php:20
/root/coding-sdk-php/tests/Acceptance/GitBranchTest.php:18
/root/coding-sdk-php/vendor/phpunit/phpunit/phpunit:92</error>
      </testcase>
    </testsuite>
    <testsuite name="Tests\Acceptance\IssueTest" file="/root/coding-sdk-php/tests/Acceptance/IssueTest.php" tests="1" assertions="0" errors="1" warnings="0" failures="0" skipped="0" time="0.053680">
      <testcase name="testCrud" class="Tests\Acceptance\IssueTest" classname="Tests.Acceptance.IssueTest" file="/root/coding-sdk-php/tests/Acceptance/IssueTest.php" line="13" assertions="0" time="0.053680">
        <error type="Coding\Exceptions\ApiError">Tests\Acceptance\IssueTest::testCrud
Coding\Exceptions\ApiError: ProjectAccessDeny

/root/coding-sdk-php/src/Client.php:59
/root/coding-sdk-php/src/Client.php:70
/root/coding-sdk-php/src/Issue.php:62
/root/coding-sdk-php/tests/Acceptance/IssueTest.php:23
/root/coding-sdk-php/vendor/phpunit/phpunit/phpunit:92</error>
      </testcase>
    </testsuite>
    <testsuite name="Tests\Acceptance\IterationTest" file="/root/coding-sdk-php/tests/Acceptance/IterationTest.php" tests="1" assertions="0" errors="1" warnings="0" failures="0" skipped="0" time="0.052417">
      <testcase name="testCrud" class="Tests\Acceptance\IterationTest" classname="Tests.Acceptance.IterationTest" file="/root/coding-sdk-php/tests/Acceptance/IterationTest.php" line="11" assertions="0" time="0.052417">
        <error type="Coding\Exceptions\ApiError">Tests\Acceptance\IterationTest::testCrud
Coding\Exceptions\ApiError: ProjectAccessDeny

/root/coding-sdk-php/src/Client.php:59
/root/coding-sdk-php/src/Client.php:70
/root/coding-sdk-php/src/Iteration.php:18
/root/coding-sdk-php/tests/Acceptance/IterationTest.php:18
/root/coding-sdk-php/vendor/phpunit/phpunit/phpunit:92</error>
      </testcase>
    </testsuite>
    <testsuite name="Tests\Acceptance\ProjectSettingTest" file="/root/coding-sdk-php/tests/Acceptance/ProjectSettingTest.php" tests="1" assertions="0" errors="1" warnings="0" failures="0" skipped="0" time="0.052615">
      <testcase name="testGetIssueStatuses" class="Tests\Acceptance\ProjectSettingTest" classname="Tests.Acceptance.ProjectSettingTest" file="/root/coding-sdk-php/tests/Acceptance/ProjectSettingTest.php" line="12" assertions="0" time="0.052615">
        <error type="Coding\Exceptions\ApiError">Tests\Acceptance\ProjectSettingTest::testGetIssueStatuses
Coding\Exceptions\ApiError: ProjectAccessDeny

/root/coding-sdk-php/src/Client.php:59
/root/coding-sdk-php/src/Client.php:70
/root/coding-sdk-php/src/ProjectSetting.php:26
/root/coding-sdk-php/tests/Acceptance/ProjectSettingTest.php:16
/root/coding-sdk-php/vendor/phpunit/phpunit/phpunit:92</error>
      </testcase>
    </testsuite>
  </testsuite>
</testsuites>
