<?xml version="1.0" encoding="UTF-8"?>
<testsuites>
  <testsuite name="/root/coding-sdk-php/tests/Acceptance" tests="5" assertions="14" errors="2" warnings="0" failures="0" skipped="0" time="4.093149">
    <testsuite name="Tests\Acceptance\ArtifactTest" file="/root/coding-sdk-php/tests/Acceptance/ArtifactTest.php" tests="1" assertions="4" errors="0" warnings="0" failures="0" skipped="0" time="0.661910">
      <testcase name="testUploadAndDownload" class="Tests\Acceptance\ArtifactTest" classname="Tests.Acceptance.ArtifactTest" file="/root/coding-sdk-php/tests/Acceptance/ArtifactTest.php" line="12" assertions="4" time="0.661910"/>
    </testsuite>
    <testsuite name="Tests\Acceptance\GitBranchTest" file="/root/coding-sdk-php/tests/Acceptance/GitBranchTest.php" tests="1" assertions="0" errors="1" warnings="0" failures="0" skipped="0" time="0.026603">
      <testcase name="testIndex" class="Tests\Acceptance\GitBranchTest" classname="Tests.Acceptance.GitBranchTest" file="/root/coding-sdk-php/tests/Acceptance/GitBranchTest.php" line="12" assertions="0" time="0.026603">
        <error type="GuzzleHttp\Exception\ServerException">Tests\Acceptance\GitBranchTest::testIndex
GuzzleHttp\Exception\ServerException: Server error: `POST https://e.coding.net/open-api` resulted in a `502 Bad Gateway` response:
&lt;!DOCTYPE HTML PUBLIC "-//IETF//DTD HTML 2.0//EN"&gt;&#13;
&lt;html&gt;&#13;
&lt;head&gt;&lt;title&gt;502 Bad Gateway&lt;/title&gt;&lt;/head&gt;&#13;
&lt;body bgcolor=" (truncated...)


/root/coding-sdk-php/vendor/guzzlehttp/guzzle/src/Exception/RequestException.php:113
/root/coding-sdk-php/vendor/guzzlehttp/guzzle/src/Middleware.php:69
/root/coding-sdk-php/vendor/guzzlehttp/promises/src/Promise.php:204
/root/coding-sdk-php/vendor/guzzlehttp/promises/src/Promise.php:153
/root/coding-sdk-php/vendor/guzzlehttp/promises/src/TaskQueue.php:48
/root/coding-sdk-php/vendor/guzzlehttp/promises/src/Promise.php:248
/root/coding-sdk-php/vendor/guzzlehttp/promises/src/Promise.php:224
/root/coding-sdk-php/vendor/guzzlehttp/promises/src/Promise.php:269
/root/coding-sdk-php/vendor/guzzlehttp/promises/src/Promise.php:226
/root/coding-sdk-php/vendor/guzzlehttp/promises/src/Promise.php:62
/root/coding-sdk-php/vendor/guzzlehttp/guzzle/src/Client.php:187
/root/coding-sdk-php/src/Client.php:55
/root/coding-sdk-php/src/Client.php:70
/root/coding-sdk-php/src/GitBranch.php:20
/root/coding-sdk-php/tests/Acceptance/GitBranchTest.php:18
/root/coding-sdk-php/vendor/phpunit/phpunit/phpunit:92</error>
      </testcase>
    </testsuite>
    <testsuite name="Tests\Acceptance\IssueTest" file="/root/coding-sdk-php/tests/Acceptance/IssueTest.php" tests="1" assertions="6" errors="0" warnings="0" failures="0" skipped="0" time="2.422629">
      <testcase name="testCrud" class="Tests\Acceptance\IssueTest" classname="Tests.Acceptance.IssueTest" file="/root/coding-sdk-php/tests/Acceptance/IssueTest.php" line="13" assertions="6" time="2.422629"/>
    </testsuite>
    <testsuite name="Tests\Acceptance\IterationTest" file="/root/coding-sdk-php/tests/Acceptance/IterationTest.php" tests="1" assertions="3" errors="1" warnings="0" failures="0" skipped="0" time="0.729342">
      <testcase name="testCrud" class="Tests\Acceptance\IterationTest" classname="Tests.Acceptance.IterationTest" file="/root/coding-sdk-php/tests/Acceptance/IterationTest.php" line="11" assertions="3" time="0.729342">
        <error type="GuzzleHttp\Exception\ServerException">Tests\Acceptance\IterationTest::testCrud
GuzzleHttp\Exception\ServerException: Server error: `POST https://e.coding.net/open-api` resulted in a `502 Bad Gateway` response:
&lt;!doctype html&gt;&lt;html lang="zh-cmn-Hans"&gt;&lt;head&gt;&lt;meta charset="utf-8"&gt;&lt;meta http-equiv="X-UA-Compatible" content="IE=edge, (truncated...)


/root/coding-sdk-php/vendor/guzzlehttp/guzzle/src/Exception/RequestException.php:113
/root/coding-sdk-php/vendor/guzzlehttp/guzzle/src/Middleware.php:69
/root/coding-sdk-php/vendor/guzzlehttp/promises/src/Promise.php:204
/root/coding-sdk-php/vendor/guzzlehttp/promises/src/Promise.php:153
/root/coding-sdk-php/vendor/guzzlehttp/promises/src/TaskQueue.php:48
/root/coding-sdk-php/vendor/guzzlehttp/promises/src/Promise.php:248
/root/coding-sdk-php/vendor/guzzlehttp/promises/src/Promise.php:224
/root/coding-sdk-php/vendor/guzzlehttp/promises/src/Promise.php:269
/root/coding-sdk-php/vendor/guzzlehttp/promises/src/Promise.php:226
/root/coding-sdk-php/vendor/guzzlehttp/promises/src/Promise.php:62
/root/coding-sdk-php/vendor/guzzlehttp/guzzle/src/Client.php:187
/root/coding-sdk-php/src/Client.php:55
/root/coding-sdk-php/src/Client.php:70
/root/coding-sdk-php/src/Iteration.php:50
/root/coding-sdk-php/tests/Acceptance/IterationTest.php:33
/root/coding-sdk-php/vendor/phpunit/phpunit/phpunit:92</error>
      </testcase>
    </testsuite>
    <testsuite name="Tests\Acceptance\ProjectSettingTest" file="/root/coding-sdk-php/tests/Acceptance/ProjectSettingTest.php" tests="1" assertions="1" errors="0" warnings="0" failures="0" skipped="0" time="0.252664">
      <testcase name="testGetIssueStatuses" class="Tests\Acceptance\ProjectSettingTest" classname="Tests.Acceptance.ProjectSettingTest" file="/root/coding-sdk-php/tests/Acceptance/ProjectSettingTest.php" line="12" assertions="1" time="0.252664"/>
    </testsuite>
  </testsuite>
</testsuites>
