<?xml version="1.0" encoding="UTF-8"?>
<testsuites>
  <testsuite name="/root/coding-sdk-php/tests/Acceptance" tests="5" assertions="0" errors="5" warnings="0" failures="0" skipped="0" time="0.003419">
    <testsuite name="Tests\Acceptance\ArtifactTest" file="/root/coding-sdk-php/tests/Acceptance/ArtifactTest.php" tests="1" assertions="0" errors="1" warnings="0" failures="0" skipped="0" time="0.002165">
      <testcase name="testUploadAndDownload" class="Tests\Acceptance\ArtifactTest" classname="Tests.Acceptance.ArtifactTest" file="/root/coding-sdk-php/tests/Acceptance/ArtifactTest.php" line="10" assertions="0" time="0.002165">
        <error type="InvalidArgumentException">Tests\Acceptance\ArtifactTest::testUploadAndDownload
InvalidArgumentException: Please set CODING_PERSONAL_TOKEN or CODING_PROJECT_TOKEN environment variables

/root/coding-sdk-php/tests/Acceptance/TestCase.php:24
/root/coding-sdk-php/vendor/phpunit/phpunit/phpunit:92</error>
      </testcase>
    </testsuite>
    <testsuite name="Tests\Acceptance\GitBranchTest" file="/root/coding-sdk-php/tests/Acceptance/GitBranchTest.php" tests="1" assertions="0" errors="1" warnings="0" failures="0" skipped="0" time="0.000343">
      <testcase name="testIndex" class="Tests\Acceptance\GitBranchTest" classname="Tests.Acceptance.GitBranchTest" file="/root/coding-sdk-php/tests/Acceptance/GitBranchTest.php" line="10" assertions="0" time="0.000343">
        <error type="InvalidArgumentException">Tests\Acceptance\GitBranchTest::testIndex
InvalidArgumentException: Please set CODING_PERSONAL_TOKEN or CODING_PROJECT_TOKEN environment variables

/root/coding-sdk-php/tests/Acceptance/TestCase.php:24
/root/coding-sdk-php/vendor/phpunit/phpunit/phpunit:92</error>
      </testcase>
    </testsuite>
    <testsuite name="Tests\Acceptance\IssueTest" file="/root/coding-sdk-php/tests/Acceptance/IssueTest.php" tests="1" assertions="0" errors="1" warnings="0" failures="0" skipped="0" time="0.000300">
      <testcase name="testCrud" class="Tests\Acceptance\IssueTest" classname="Tests.Acceptance.IssueTest" file="/root/coding-sdk-php/tests/Acceptance/IssueTest.php" line="11" assertions="0" time="0.000300">
        <error type="InvalidArgumentException">Tests\Acceptance\IssueTest::testCrud
InvalidArgumentException: Please set CODING_PERSONAL_TOKEN or CODING_PROJECT_TOKEN environment variables

/root/coding-sdk-php/tests/Acceptance/TestCase.php:24
/root/coding-sdk-php/vendor/phpunit/phpunit/phpunit:92</error>
      </testcase>
    </testsuite>
    <testsuite name="Tests\Acceptance\IterationTest" file="/root/coding-sdk-php/tests/Acceptance/IterationTest.php" tests="1" assertions="0" errors="1" warnings="0" failures="0" skipped="0" time="0.000324">
      <testcase name="testCrud" class="Tests\Acceptance\IterationTest" classname="Tests.Acceptance.IterationTest" file="/root/coding-sdk-php/tests/Acceptance/IterationTest.php" line="9" assertions="0" time="0.000324">
        <error type="InvalidArgumentException">Tests\Acceptance\IterationTest::testCrud
InvalidArgumentException: Please set CODING_PERSONAL_TOKEN or CODING_PROJECT_TOKEN environment variables

/root/coding-sdk-php/tests/Acceptance/TestCase.php:24
/root/coding-sdk-php/vendor/phpunit/phpunit/phpunit:92</error>
      </testcase>
    </testsuite>
    <testsuite name="Tests\Acceptance\ProjectSettingTest" file="/root/coding-sdk-php/tests/Acceptance/ProjectSettingTest.php" tests="1" assertions="0" errors="1" warnings="0" failures="0" skipped="0" time="0.000287">
      <testcase name="testGetIssueStatuses" class="Tests\Acceptance\ProjectSettingTest" classname="Tests.Acceptance.ProjectSettingTest" file="/root/coding-sdk-php/tests/Acceptance/ProjectSettingTest.php" line="10" assertions="0" time="0.000287">
        <error type="InvalidArgumentException">Tests\Acceptance\ProjectSettingTest::testGetIssueStatuses
InvalidArgumentException: Please set CODING_PERSONAL_TOKEN or CODING_PROJECT_TOKEN environment variables

/root/coding-sdk-php/tests/Acceptance/TestCase.php:24
/root/coding-sdk-php/vendor/phpunit/phpunit/phpunit:92</error>
      </testcase>
    </testsuite>
  </testsuite>
</testsuites>
