<?xml version="1.0" encoding="UTF-8"?>
<testsuites>
  <testsuite name="/root/coding-sdk-php/tests/Acceptance" tests="5" assertions="16" errors="0" warnings="0" failures="0" skipped="0" time="3.427148">
    <testsuite name="Tests\Acceptance\ArtifactTest" file="/root/coding-sdk-php/tests/Acceptance/ArtifactTest.php" tests="1" assertions="4" errors="0" warnings="0" failures="0" skipped="0" time="0.612219">
      <testcase name="testUploadAndDownload" class="Tests\Acceptance\ArtifactTest" classname="Tests.Acceptance.ArtifactTest" file="/root/coding-sdk-php/tests/Acceptance/ArtifactTest.php" line="12" assertions="4" time="0.612219"/>
    </testsuite>
    <testsuite name="Tests\Acceptance\GitBranchTest" file="/root/coding-sdk-php/tests/Acceptance/GitBranchTest.php" tests="1" assertions="1" errors="0" warnings="0" failures="0" skipped="0" time="0.194703">
      <testcase name="testIndex" class="Tests\Acceptance\GitBranchTest" classname="Tests.Acceptance.GitBranchTest" file="/root/coding-sdk-php/tests/Acceptance/GitBranchTest.php" line="12" assertions="1" time="0.194703"/>
    </testsuite>
    <testsuite name="Tests\Acceptance\IssueTest" file="/root/coding-sdk-php/tests/Acceptance/IssueTest.php" tests="1" assertions="6" errors="0" warnings="0" failures="0" skipped="0" time="1.442991">
      <testcase name="testCrud" class="Tests\Acceptance\IssueTest" classname="Tests.Acceptance.IssueTest" file="/root/coding-sdk-php/tests/Acceptance/IssueTest.php" line="13" assertions="6" time="1.442991"/>
    </testsuite>
    <testsuite name="Tests\Acceptance\IterationTest" file="/root/coding-sdk-php/tests/Acceptance/IterationTest.php" tests="1" assertions="4" errors="0" warnings="0" failures="0" skipped="0" time="0.983495">
      <testcase name="testCrud" class="Tests\Acceptance\IterationTest" classname="Tests.Acceptance.IterationTest" file="/root/coding-sdk-php/tests/Acceptance/IterationTest.php" line="11" assertions="4" time="0.983495"/>
    </testsuite>
    <testsuite name="Tests\Acceptance\ProjectSettingTest" file="/root/coding-sdk-php/tests/Acceptance/ProjectSettingTest.php" tests="1" assertions="1" errors="0" warnings="0" failures="0" skipped="0" time="0.193740">
      <testcase name="testGetIssueStatuses" class="Tests\Acceptance\ProjectSettingTest" classname="Tests.Acceptance.ProjectSettingTest" file="/root/coding-sdk-php/tests/Acceptance/ProjectSettingTest.php" line="12" assertions="1" time="0.193740"/>
    </testsuite>
  </testsuite>
</testsuites>
