<?xml version="1.0" encoding="UTF-8"?>
<testsuites>
  <testsuite name="/root/workspace/tests/Acceptance" tests="1" assertions="2" errors="0" warnings="0" failures="0" skipped="0" time="0.809052">
    <testsuite name="Tests\Acceptance\IssueTest" file="/root/workspace/tests/Acceptance/IssueTest.php" tests="1" assertions="2" errors="0" warnings="0" failures="0" skipped="0" time="0.809052">
      <testcase name="testCreateAndDelete" class="Tests\Acceptance\IssueTest" classname="Tests.Acceptance.IssueTest" file="/root/workspace/tests/Acceptance/IssueTest.php" line="10" assertions="2" time="0.809052"/>
    </testsuite>
  </testsuite>
</testsuites>
